c:\users\jorda\documents\travail\perso\code\cv\x64\release\vc140.pdb
c:\users\jorda\documents\travail\perso\code\cv\x64\release\function2dmanager.obj
c:\users\jorda\documents\travail\perso\code\cv\x64\release\contextmanagerxml.obj
c:\users\jorda\documents\travail\perso\code\cv\x64\release\contextmanager.obj
c:\users\jorda\documents\travail\perso\code\cv\x64\release\function2d.obj
c:\users\jorda\documents\travail\perso\code\cv\x64\release\context.obj
c:\users\jorda\documents\travail\perso\code\cv\x64\release\controller.obj
c:\users\jorda\documents\travail\perso\code\cv\x64\release\toolbarview.obj
c:\users\jorda\documents\travail\perso\code\cv\x64\release\toolbarcontroller.obj
c:\users\jorda\documents\travail\perso\code\cv\x64\release\toolbarcontext.obj
c:\users\jorda\documents\travail\perso\code\cv\x64\release\menuview.obj
c:\users\jorda\documents\travail\perso\code\cv\x64\release\menucontroller.obj
c:\users\jorda\documents\travail\perso\code\cv\x64\release\maincontroller.obj
c:\users\jorda\documents\travail\perso\code\cv\x64\release\main.obj
c:\users\jorda\documents\travail\perso\code\cv\x64\release\dockview.obj
c:\users\jorda\documents\travail\perso\code\cv\x64\release\dockcontroller.obj
c:\users\jorda\documents\travail\perso\code\cv\x64\release\dockcontext.obj
c:\users\jorda\documents\travail\perso\code\cv\x64\release\centralview.obj
c:\users\jorda\documents\travail\perso\code\cv\x64\release\centralmanager.obj
c:\users\jorda\documents\travail\perso\code\cv\x64\release\centralcontroller.obj
c:\users\jorda\documents\travail\perso\code\cv\x64\release\centralcontext.obj
c:\users\jorda\documents\travail\perso\code\cv\x64\release\viewer.obj
c:\users\jorda\documents\travail\perso\code\cv\x64\release\manager.obj
c:\users\jorda\documents\travail\perso\code\cv\x64\release\function2dmanagercsv.obj
c:\users\jorda\documents\travail\perso\code\cv\x64\release\cv.exe
c:\users\jorda\documents\travail\perso\code\cv\x64\release\cv.ipdb
c:\users\jorda\documents\travail\perso\code\cv\x64\release\cv.iobj
c:\users\jorda\documents\travail\perso\code\cv\x64\release\cv.pdb
c:\users\jorda\documents\travail\perso\code\cv\x64\release\cv.tlog\cl.command.1.tlog
c:\users\jorda\documents\travail\perso\code\cv\x64\release\cv.tlog\cl.read.1.tlog
c:\users\jorda\documents\travail\perso\code\cv\x64\release\cv.tlog\cl.write.1.tlog
c:\users\jorda\documents\travail\perso\code\cv\x64\release\cv.tlog\link.command.1.tlog
c:\users\jorda\documents\travail\perso\code\cv\x64\release\cv.tlog\link.read.1.tlog
c:\users\jorda\documents\travail\perso\code\cv\x64\release\cv.tlog\link.write.1.tlog
