  Generate moc_predefs.h
  RCC CV.qrc
RCC : warning : No resources in 'CV.qrc'.
  
  MOC src/App/Central/CentralController.h
  MOC src/App/Central/CentralManager.h
  MOC src/App/Central/CentralView.h
  MOC src/App/Dock/DockController.h
  MOC src/App/Dock/DockView.h
src\App\Dock\DockView.h(25): warning : Class DockView inherits from two QObject subclasses QObject and QDockWidget. This is not supported!
  MOC src/App/Menu/MenuController.h
  MOC src/App/Menu/MenuView.h
  MOC src/App/Toolbar/ToolbarController.h
  MOC src/App/Toolbar/ToolbarView.h
src\App\Toolbar\ToolbarView.h(25): warning : Class ToolbarView inherits from two QObject subclasses QObject and QToolBar. This is not supported!
  MOC src/App/MainController.h
  CentralContext.cpp
  CentralController.cpp
src\App\Central\CentralController.cpp(20): warning C4189: 'ok': local variable is initialized but not referenced
  CentralManager.cpp
  CentralView.cpp
  DockContext.cpp
  DockController.cpp
c:\users\jorda\documents\travail\perso\code\cv\src\app\dock\DockView.h(17): warning C4584: 'App::DockView': base-class 'QObject' is already a base-class of 'QDockWidget'
  d:\qt\5.8\msvc2015_64\include\qtcore\qobject.h(113): note: see declaration of 'QObject'
  d:\qt\5.8\msvc2015_64\include\qtwidgets\qdockwidget.h(56): note: see declaration of 'QDockWidget'
  DockView.cpp
c:\users\jorda\documents\travail\perso\code\cv\src\app\dock\DockView.h(17): warning C4584: 'App::DockView': base-class 'QObject' is already a base-class of 'QDockWidget'
  d:\qt\5.8\msvc2015_64\include\qtcore\qobject.h(113): note: see declaration of 'QObject'
  d:\qt\5.8\msvc2015_64\include\qtwidgets\qdockwidget.h(56): note: see declaration of 'QDockWidget'
  MenuController.cpp
  MenuView.cpp
src\App\Menu\MenuView.cpp(17): warning C4100: 'checked': unreferenced formal parameter
  ToolbarContext.cpp
  ToolbarController.cpp
c:\users\jorda\documents\travail\perso\code\cv\src\app\toolbar\ToolbarView.h(17): warning C4584: 'App::ToolbarView': base-class 'QObject' is already a base-class of 'QToolBar'
  d:\qt\5.8\msvc2015_64\include\qtcore\qobject.h(113): note: see declaration of 'QObject'
  d:\qt\5.8\msvc2015_64\include\qtwidgets\qtoolbar.h(59): note: see declaration of 'QToolBar'
  ToolbarView.cpp
c:\users\jorda\documents\travail\perso\code\cv\src\app\toolbar\ToolbarView.h(17): warning C4584: 'App::ToolbarView': base-class 'QObject' is already a base-class of 'QToolBar'
  d:\qt\5.8\msvc2015_64\include\qtcore\qobject.h(113): note: see declaration of 'QObject'
  d:\qt\5.8\msvc2015_64\include\qtwidgets\qtoolbar.h(59): note: see declaration of 'QToolBar'
  MainController.cpp
  MainViewer.cpp
  main.cpp
src\App\main.cpp(19): warning C4189: 'mainController': local variable is initialized but not referenced
  Controller.cpp
  Context.cpp
  Function2D.cpp
  ContextManager.cpp
  ContextManagerXml.cpp
  Generating Code...
  Compiling...
  Function2DManager.cpp
  Function2DManagerCsv.cpp
  Manager.cpp
  Viewer.cpp
  moc_CentralController.cpp
  moc_CentralManager.cpp
  moc_CentralView.cpp
  moc_DockController.cpp
  moc_DockView.cpp
c:\users\jorda\documents\travail\perso\code\cv\x64\release\../../src/App/Dock/DockView.h(17): warning C4584: 'App::DockView': base-class 'QObject' is already a base-class of 'QDockWidget'
  d:\qt\5.8\msvc2015_64\include\qtcore\qobject.h(113): note: see declaration of 'QObject'
  d:\qt\5.8\msvc2015_64\include\qtwidgets\qdockwidget.h(56): note: see declaration of 'QDockWidget'
  moc_MainController.cpp
  moc_MenuController.cpp
  moc_MenuView.cpp
  moc_ToolbarController.cpp
  moc_ToolbarView.cpp
c:\users\jorda\documents\travail\perso\code\cv\x64\release\../../src/App/Toolbar/ToolbarView.h(17): warning C4584: 'App::ToolbarView': base-class 'QObject' is already a base-class of 'QToolBar'
  d:\qt\5.8\msvc2015_64\include\qtcore\qobject.h(113): note: see declaration of 'QObject'
  d:\qt\5.8\msvc2015_64\include\qtwidgets\qtoolbar.h(59): note: see declaration of 'QToolBar'
  qrc_CV.cpp
  Generating Code...
  CV.vcxproj -> C:\Users\jorda\Documents\Travail\Perso\Code\CV\x64\release\CV.exe
