c:\users\jorda\documents\travail\perso\code\cv\x64\debug\vc140.pdb
c:\users\jorda\documents\travail\perso\code\cv\x64\debug\contextmanagerxml.obj
c:\users\jorda\documents\travail\perso\code\cv\x64\debug\contextmanager.obj
c:\users\jorda\documents\travail\perso\code\cv\x64\debug\function2d.obj
c:\users\jorda\documents\travail\perso\code\cv\x64\debug\context.obj
c:\users\jorda\documents\travail\perso\code\cv\x64\debug\controller.obj
c:\users\jorda\documents\travail\perso\code\cv\x64\debug\main.obj
c:\users\jorda\documents\travail\perso\code\cv\x64\debug\mainviewer.obj
c:\users\jorda\documents\travail\perso\code\cv\x64\debug\maincontroller.obj
c:\users\jorda\documents\travail\perso\code\cv\x64\debug\toolbarview.obj
c:\users\jorda\documents\travail\perso\code\cv\x64\debug\toolbarcontroller.obj
c:\users\jorda\documents\travail\perso\code\cv\x64\debug\toolbarcontext.obj
c:\users\jorda\documents\travail\perso\code\cv\x64\debug\menuview.obj
c:\users\jorda\documents\travail\perso\code\cv\x64\debug\menucontroller.obj
c:\users\jorda\documents\travail\perso\code\cv\x64\debug\dockview.obj
c:\users\jorda\documents\travail\perso\code\cv\x64\debug\dockcontroller.obj
c:\users\jorda\documents\travail\perso\code\cv\x64\debug\dockcontext.obj
c:\users\jorda\documents\travail\perso\code\cv\x64\debug\centralcontext.obj
c:\users\jorda\documents\travail\perso\code\cv\x64\debug\qrc_cv.obj
c:\users\jorda\documents\travail\perso\code\cv\x64\debug\moc_toolbarview.obj
c:\users\jorda\documents\travail\perso\code\cv\x64\debug\moc_toolbarcontroller.obj
c:\users\jorda\documents\travail\perso\code\cv\x64\debug\moc_menuview.obj
c:\users\jorda\documents\travail\perso\code\cv\x64\debug\moc_menucontroller.obj
c:\users\jorda\documents\travail\perso\code\cv\x64\debug\moc_maincontroller.obj
c:\users\jorda\documents\travail\perso\code\cv\x64\debug\moc_dockview.obj
c:\users\jorda\documents\travail\perso\code\cv\x64\debug\moc_dockcontroller.obj
c:\users\jorda\documents\travail\perso\code\cv\x64\debug\moc_centralcontroller.obj
c:\users\jorda\documents\travail\perso\code\cv\x64\debug\viewer.obj
c:\users\jorda\documents\travail\perso\code\cv\x64\debug\manager.obj
c:\users\jorda\documents\travail\perso\code\cv\x64\debug\function2dmanagercsv.obj
c:\users\jorda\documents\travail\perso\code\cv\x64\debug\function2dmanager.obj
c:\users\jorda\documents\travail\perso\code\cv\x64\debug\moc_centralcontroller.cpp
c:\users\jorda\documents\travail\perso\code\cv\x64\debug\moc_centralmanager.cpp
c:\users\jorda\documents\travail\perso\code\cv\x64\debug\moc_dockcontroller.cpp
c:\users\jorda\documents\travail\perso\code\cv\x64\debug\moc_dockview.cpp
c:\users\jorda\documents\travail\perso\code\cv\x64\debug\moc_menucontroller.cpp
c:\users\jorda\documents\travail\perso\code\cv\x64\debug\moc_menuview.cpp
c:\users\jorda\documents\travail\perso\code\cv\x64\debug\moc_toolbarcontroller.cpp
c:\users\jorda\documents\travail\perso\code\cv\x64\debug\moc_toolbarview.cpp
c:\users\jorda\documents\travail\perso\code\cv\x64\debug\moc_maincontroller.cpp
c:\users\jorda\documents\travail\perso\code\cv\x64\debug\moc_predefs.h
c:\users\jorda\documents\travail\perso\code\cv\x64\debug\qrc_cv.cpp
c:\users\jorda\documents\travail\perso\code\cv\x64\debug\moc_centralview.cpp
c:\users\jorda\documents\travail\perso\code\cv\x64\debug\cv.tlog\cl.command.1.tlog
c:\users\jorda\documents\travail\perso\code\cv\x64\debug\cv.tlog\cl.read.1.tlog
c:\users\jorda\documents\travail\perso\code\cv\x64\debug\cv.tlog\cl.write.1.tlog
c:\users\jorda\documents\travail\perso\code\cv\x64\debug\cv.tlog\custombuild.command.1.tlog
c:\users\jorda\documents\travail\perso\code\cv\x64\debug\cv.tlog\custombuild.read.1.tlog
c:\users\jorda\documents\travail\perso\code\cv\x64\debug\cv.tlog\custombuild.write.1.tlog
